<?xml version="1.0" encoding="utf-8"?>
<TestRun id="4b10f533-6912-491d-a96b-bfc56f8e0885" name="@sagesoho01 2025-08-30 18:19:02" xmlns="http://microsoft.com/schemas/VisualStudio/TeamTest/2010">
  <Times creation="2025-08-30T18:19:02.4820792+09:00" queuing="2025-08-30T18:19:02.4820793+09:00" start="2025-08-30T18:19:00.7425162+09:00" finish="2025-08-30T18:19:02.4827628+09:00" />
  <TestSettings name="default" id="9476a3ae-e6af-447e-a496-3d23bb19b797">
    <Deployment runDeploymentRoot="_sagesoho01_2025-08-30_18_19_02" />
  </TestSettings>
  <TestLists>
    <TestList name="Results Not in a List" id="8c84fa94-04c1-424b-9868-57a2d4851a1d" />
    <TestList name="All Loaded Results" id="19431567-8539-422a-85d7-44ee4e166bda" />
  </TestLists>
  <ResultSummary outcome="Completed">
    <Counters total="0" executed="0" passed="0" failed="0" error="0" timeout="0" aborted="0" inconclusive="0" passedButRunAborted="0" notRunnable="0" notExecuted="0" disconnected="0" warning="0" completed="0" inProgress="0" pending="0" />
    <Output>
      <StdOut>[xUnit.net 00:00:00.00] xUnit.net VSTest Adapter v2.4.5+1caef2f33e (64-bit .NET 8.0.19)
[xUnit.net 00:00:00.91]   Discovering: Kafka.Ksql.Linq.Tests
[xUnit.net 00:00:01.02]   Discovered:  Kafka.Ksql.Linq.Tests
[xUnit.net 00:00:01.02]   Starting:    Kafka.Ksql.Linq.Tests
[xUnit.net 00:00:01.05]   Finished:    Kafka.Ksql.Linq.Tests
</StdOut>
    </Output>
    <RunInfos>
      <RunInfo computerName="sagesoho01" outcome="Warning" timestamp="2025-08-30T18:19:02.3747992+09:00">
        <Text>No test matches the given testcase filter `Category=Integration` in /mnt/c/dev/rc02/tests/bin/Release/net8.0/Kafka.Ksql.Linq.Tests.dll</Text>
      </RunInfo>
    </RunInfos>
  </ResultSummary>
</TestRun>